2023-03-25 23:42:53.343475 [error]: MySql Connect error!
2023-03-25 23:42:53.343507 [error]: MySql Connect error!
2023-03-25 23:42:53.343515 [error]: MySql Connect error!
2023-03-25 23:42:53.343600 [error]: MySql Connect error!
2023-03-25 23:42:53.343624 [error]: MySql Connect error!
2023-03-25 23:42:53.343645 [error]: MySql Connect error!
2023-03-25 23:42:53.343666 [error]: MySql Connect error!
2023-03-25 23:42:53.343687 [error]: MySql Connect error!
2023-03-25 23:42:53.386536 [info] : ========== Server init ==========
2023-03-25 23:43:04.770825 [info] : Client[6] in!
2023-03-25 23:43:04.771060 [info] : Client[7] in!
2023-03-25 23:43:04.833068 [info] : Client[8] in!
2023-03-25 23:43:04.833572 [info] : Client[9] in!
2023-03-25 23:43:04.835083 [info] : Client[10] in!
2023-03-25 23:43:04.835957 [info] : Client[11] in!
2023-03-25 23:43:52.248781 [info] : ========== Server init ==========
2023-03-25 23:43:56.443568 [info] : Client[14] in!
2023-03-25 23:43:56.443775 [info] : Client[15] in!
2023-03-25 23:43:56.445153 [info] : Verify name:yzx pwd:990322
2023-03-25 23:43:56.485131 [info] : Client[17] in!
2023-03-25 23:43:56.485477 [info] : Client[18] in!
2023-03-25 23:43:56.486285 [info] : Client[24] in!
2023-03-25 23:45:05.462629 [info] : ========== Server init ==========
2023-03-25 23:45:07.786363 [info] : Client[14] in!
2023-03-25 23:45:07.786448 [info] : Client[15] in!
2023-03-25 23:45:07.824495 [info] : Client[17] in!
2023-03-25 23:45:07.824861 [info] : Client[18] in!
2023-03-25 23:45:07.825137 [info] : Client[24] in!
2023-03-25 23:47:10.619835 [info] : ========== Server init ==========
2023-03-25 23:47:12.889485 [info] : Client[14] in!
2023-03-25 23:47:12.889579 [info] : Client[15] in!
2023-03-25 23:47:12.891236 [error]: writev() error
2023-03-25 23:47:12.891286 [info] : Client[14] quit!
2023-03-25 23:47:12.891984 [error]: writev() error
2023-03-25 23:47:12.892037 [info] : Client[15] quit!
2023-03-25 23:47:12.893190 [info] : Client[14] in!
2023-03-25 23:47:12.894296 [error]: writev() error
2023-03-25 23:47:12.894340 [info] : Client[14] quit!
2023-03-25 23:47:13.935692 [info] : Client[14] in!
2023-03-25 23:47:13.935861 [info] : Client[15] in!
2023-03-25 23:47:13.937029 [error]: writev() error
2023-03-25 23:47:13.937075 [info] : Client[14] quit!
2023-03-25 23:47:13.937533 [error]: writev() error
2023-03-25 23:47:13.937572 [info] : Client[15] quit!
2023-03-25 23:47:13.938460 [info] : Client[14] in!
2023-03-25 23:47:13.939439 [error]: writev() error
2023-03-25 23:47:13.939476 [info] : Client[14] quit!
2023-03-25 23:47:18.969128 [info] : Client[14] in!
2023-03-25 23:47:18.969420 [info] : Client[15] in!
2023-03-25 23:47:18.970750 [error]: writev() error
2023-03-25 23:47:18.970833 [info] : Client[14] quit!
2023-03-25 23:47:18.971372 [error]: writev() error
2023-03-25 23:47:18.971417 [info] : Client[15] quit!
2023-03-25 23:47:18.972537 [info] : Client[14] in!
2023-03-25 23:49:02.827822 [info] : ========== Server init ==========
2023-03-25 23:49:05.348419 [info] : Client[14] in!
2023-03-25 23:49:05.350397 [info] : Client[15] in!
2023-03-25 23:49:05.350718 [error]: writev() error
2023-03-25 23:49:05.350759 [info] : Client[14] quit!
2023-03-25 23:49:05.351629 [error]: writev() error
2023-03-25 23:49:05.351662 [info] : Client[15] quit!
2023-03-25 23:49:05.352596 [info] : Client[14] in!
2023-03-25 23:49:05.353535 [error]: writev() error
2023-03-25 23:49:05.353563 [info] : Client[14] quit!
2023-03-25 23:49:06.388166 [info] : Client[14] in!
2023-03-25 23:49:06.388250 [info] : Client[15] in!
2023-03-25 23:49:06.390130 [error]: writev() error
2023-03-25 23:49:06.390197 [info] : Client[14] quit!
2023-03-25 23:49:06.390713 [error]: writev() error
2023-03-25 23:49:06.390753 [info] : Client[15] quit!
2023-03-25 23:49:06.391720 [info] : Client[14] in!
2023-03-25 23:49:06.392827 [error]: writev() error
2023-03-25 23:49:06.392872 [info] : Client[14] quit!
2023-03-25 23:49:11.408399 [info] : Client[14] in!
2023-03-25 23:49:11.409743 [error]: writev() error
2023-03-25 23:49:11.409836 [info] : Client[14] quit!
2023-03-25 23:49:11.409885 [info] : Client[14] in!
2023-03-25 23:49:11.411030 [error]: writev() error
2023-03-25 23:49:11.411082 [info] : Client[14] quit!
2023-03-25 23:49:11.412137 [info] : Client[14] in!
2023-03-25 23:49:12.448267 [info] : Client[15] in!
2023-03-25 23:50:12.448860 [info] : Client[15] quit!
2023-03-25 23:50:47.544680 [info] : Client[15] in!
2023-03-25 23:51:13.538841 [info] : Client[17] in!
2023-03-25 23:51:13.539186 [info] : Client[18] in!
2023-03-25 23:51:13.539667 [info] : Client[24] in!
2023-03-25 23:51:13.539731 [info] : Client[25] in!
2023-03-25 23:53:03.723816 [info] : ========== Server init ==========
2023-03-25 23:53:05.214282 [info] : Client[14] in!
2023-03-25 23:53:05.214429 [info] : Client[15] in!
2023-03-25 23:53:08.662102 [error]: writev() error
2023-03-25 23:53:08.662169 [info] : Client[14] quit!
2023-03-25 23:53:08.662696 [error]: writev() error
2023-03-25 23:53:08.662743 [info] : Client[15] quit!
2023-03-25 23:53:08.663848 [info] : Client[14] in!
2023-03-25 23:53:08.665222 [error]: writev() error
2023-03-25 23:53:08.665272 [info] : Client[14] quit!
2023-03-25 23:53:09.708024 [info] : Client[14] in!
2023-03-25 23:53:09.708140 [info] : Client[15] in!
2023-03-25 23:53:09.709833 [error]: writev() error
2023-03-25 23:53:09.709890 [info] : Client[14] quit!
2023-03-25 23:53:09.710349 [error]: writev() error
2023-03-25 23:53:09.710382 [info] : Client[15] quit!
2023-03-25 23:53:09.711249 [info] : Client[14] in!
2023-03-25 23:53:09.712351 [error]: writev() error
2023-03-25 23:53:09.712399 [info] : Client[14] quit!
2023-03-25 23:53:14.732317 [info] : Client[14] in!
2023-03-25 23:53:14.732405 [info] : Client[15] in!
2023-03-25 23:53:14.734623 [error]: writev() error
2023-03-25 23:53:14.734682 [info] : Client[14] quit!
2023-03-25 23:53:14.735192 [error]: writev() error
2023-03-25 23:53:14.735239 [info] : Client[15] quit!
2023-03-25 23:53:14.736251 [info] : Client[14] in!
2023-03-25 23:53:14.737263 [error]: writev() error
2023-03-25 23:53:14.737298 [info] : Client[14] quit!
2023-03-25 23:53:23.015742 [info] : Client[14] in!
2023-03-25 23:53:23.016035 [info] : Client[15] in!
2023-03-25 23:54:23.030627 [info] : Client[15] quit!
2023-03-25 23:55:20.459688 [info] : Client[15] in!
2023-03-25 23:55:23.032748 [info] : Client[14] quit!
2023-03-25 23:55:23.647662 [info] : Client[14] in!
2023-03-25 23:55:35.577950 [error]: writev() error
2023-03-25 23:55:35.578022 [info] : Client[15] quit!
2023-03-25 23:55:35.578540 [error]: writev() error
2023-03-25 23:55:35.578586 [info] : Client[14] quit!
2023-03-25 23:55:35.579640 [info] : Client[14] in!
2023-03-25 23:55:35.580698 [error]: writev() error
2023-03-25 23:55:35.580741 [info] : Client[14] quit!
2023-03-25 23:55:36.612521 [info] : Client[14] in!
2023-03-25 23:55:36.612795 [info] : Client[15] in!
2023-03-25 23:55:36.613765 [error]: writev() error
2023-03-25 23:55:36.613809 [info] : Client[14] quit!
2023-03-25 23:55:36.614260 [error]: writev() error
2023-03-25 23:55:36.614304 [info] : Client[15] quit!
2023-03-25 23:55:36.617253 [info] : Client[14] in!
2023-03-25 23:55:36.618340 [error]: writev() error
2023-03-25 23:55:36.618395 [info] : Client[14] quit!
2023-03-25 23:55:38.740610 [info] : Client[14] in!
2023-03-25 23:55:38.740689 [info] : Client[15] in!
2023-03-25 23:58:13.755367 [info] : ========== Server init ==========
2023-03-25 23:58:18.741091 [info] : Client[14] in!
2023-03-25 23:58:18.769910 [info] : Client[15] in!
2023-03-25 23:58:18.771218 [info] : Client[16] in!
2023-03-25 23:58:18.771528 [info] : Client[17] in!
2023-03-25 23:58:18.772018 [info] : Client[18] in!
2023-03-25 23:58:18.772331 [info] : Client[24] in!
2023-03-25 23:58:23.193135 [info] : Verify name:yzx pwd:990322
